<?xml version="1.0" encoding="UTF-8"?>
<testng-results ignored="0" total="1" passed="1" failed="0" skipped="0">
  <reporter-output>
  </reporter-output>
  <suite started-at="2022-11-01T11:40:12 IST" name="Default suite" finished-at="2022-11-01T11:40:13 IST" duration-ms="989">
    <groups>
    </groups>
    <test started-at="2022-11-01T11:40:12 IST" name="Default test" finished-at="2022-11-01T11:40:13 IST" duration-ms="989">
      <class name="sendingEmail.GetResponseCodeOfWebisteExample">
        <test-method signature="f1()[pri:0, instance:sendingEmail.GetResponseCodeOfWebisteExample@482bce4f]" started-at="2022-11-01T11:40:12 IST" name="f1" finished-at="2022-11-01T11:40:13 IST" duration-ms="958" status="PASS">
          <reporter-output>
          </reporter-output>
        </test-method> <!-- f1 -->
      </class> <!-- sendingEmail.GetResponseCodeOfWebisteExample -->
    </test> <!-- Default test -->
  </suite> <!-- Default suite -->
</testng-results>
